2023-11-09 15:26:49.3292 INFO Application 'calcualtor' launched successfully.
2023-11-09 15:26:56.0657 INFO Application 'calcualtor' launched successfully.
2023-11-09 15:28:31.6259 INFO Application 'calcualtor' launched successfully.
2023-11-09 15:29:03.5629 ERROR Error getting the application window: Couldn't find window with title Calculato in process 25316, after waiting for 30 seconds
2023-11-09 15:29:03.6506 INFO Application 'calcualtor' launched successfully.
2023-11-09 15:29:34.8486 ERROR Error getting the application window: Couldn't find window with title Calculato in process 13840, after waiting for 30 seconds
2023-11-09 16:03:26.8158 INFO Application 'calcualtor' launched successfully.
2023-11-09 16:03:26.9685 INFO Double-clicked Option element successfully.
2023-11-09 16:03:28.6992 INFO Clicked Mode button successfully.
2023-11-09 16:03:29.0189 INFO Clicked number button successfully.
2023-11-09 16:03:29.2861 INFO Clicked number button successfully.
2023-11-09 16:03:29.5084 INFO Clicked Number button successfully.
2023-11-09 16:03:29.7656 INFO Clicked number button successfully.
2023-11-09 16:03:30.0701 INFO Clicked number button successfully.
2023-11-09 16:03:30.6611 INFO Clicked number button successfully.
2023-11-09 16:03:31.2326 INFO Clicked Number button successfully.
2023-11-09 16:03:31.4972 INFO Clicked Number button successfully.
2023-11-09 16:03:31.6993 INFO Clicked Number button successfully.
2023-11-09 16:03:31.9342 INFO Clicked number button successfully.
2023-11-09 16:03:32.1383 INFO Clicked number button successfully.
2023-11-09 16:03:32.4185 INFO Clicked Number button successfully.
2023-11-09 16:03:32.8296 INFO Application 'calcualtor' launched successfully.
2023-11-09 16:03:32.8574 INFO Double-clicked Option element successfully.
2023-11-09 16:03:34.0293 INFO Clicked Mode button successfully.
2023-11-09 16:03:34.3220 INFO Clicked number button successfully.
2023-11-09 16:03:34.8214 INFO Clicked number button successfully.
2023-11-09 16:03:35.1052 INFO Clicked Number button successfully.
2023-11-09 16:03:35.3501 INFO Clicked number button successfully.
2023-11-09 16:03:35.5852 INFO Clicked number button successfully.
2023-11-09 16:03:36.1813 INFO Clicked number button successfully.
2023-11-09 16:03:36.7702 INFO Clicked Number button successfully.
2023-11-09 16:03:37.0552 INFO Clicked Number button successfully.
2023-11-09 16:03:37.3222 INFO Clicked number button successfully.
2023-11-09 16:03:37.5337 INFO Clicked number button successfully.
2023-11-09 16:03:37.7792 INFO Clicked Number button successfully.
2023-11-09 16:16:34.3261 INFO Application 'calcualtor' launched successfully.
2023-11-09 16:16:34.4685 INFO Double-clicked Option element successfully.
2023-11-09 16:16:36.1893 INFO Clicked Mode button successfully.
2023-11-09 16:16:36.4834 INFO Clicked number button successfully.
2023-11-09 16:16:36.7849 INFO Clicked number button successfully.
2023-11-09 16:16:37.0412 INFO Clicked Number button successfully.
2023-11-09 16:16:37.2604 INFO Clicked number button successfully.
2023-11-09 16:16:37.4479 INFO Clicked number button successfully.
2023-11-09 16:16:38.0249 INFO Clicked number button successfully.
2023-11-09 16:16:38.6023 INFO Clicked Number button successfully.
2023-11-09 16:16:38.9101 INFO Clicked Number button successfully.
2023-11-09 16:16:39.1398 INFO Clicked Number button successfully.
2023-11-09 16:16:39.4121 INFO Clicked number button successfully.
2023-11-09 16:16:39.6299 INFO Clicked number button successfully.
2023-11-09 16:16:39.8453 INFO Clicked Number button successfully.
2023-11-09 16:16:40.1418 INFO Application 'calcualtor' launched successfully.
2023-11-09 16:16:40.1676 INFO Double-clicked Option element successfully.
2023-11-09 16:16:41.2001 INFO Clicked Mode button successfully.
2023-11-09 16:16:41.5301 INFO Clicked number button successfully.
2023-11-09 16:16:41.9871 INFO Clicked number button successfully.
2023-11-09 16:16:42.2330 INFO Clicked Number button successfully.
2023-11-09 16:16:42.5456 INFO Clicked number button successfully.
2023-11-09 16:16:42.7606 INFO Clicked number button successfully.
2023-11-09 16:16:43.3528 INFO Clicked number button successfully.
2023-11-09 16:16:43.9519 INFO Clicked Number button successfully.
2023-11-09 16:16:44.2441 INFO Clicked Number button successfully.
2023-11-09 16:16:44.5093 INFO Clicked number button successfully.
2023-11-09 16:16:44.7111 INFO Clicked number button successfully.
2023-11-09 16:16:44.9262 INFO Clicked Number button successfully.
2023-11-09 16:27:28.1077 INFO Application 'calcualtor' launched successfully.
2023-11-09 16:27:28.2909 INFO Double-clicked Option element successfully.
2023-11-09 16:27:30.1727 INFO Clicked Mode button successfully.
2023-11-09 16:27:30.4556 INFO Clicked number button successfully.
2023-11-09 16:27:30.7039 INFO Clicked number button successfully.
2023-11-09 16:27:30.9048 INFO Clicked Number button successfully.
2023-11-09 16:27:31.1258 INFO Clicked number button successfully.
2023-11-09 16:27:31.3711 INFO Clicked number button successfully.
2023-11-09 16:27:31.9348 INFO Clicked number button successfully.
2023-11-09 16:27:32.5222 INFO Equal button clicked.
2023-11-09 16:27:32.5222 INFO Clicked Number button successfully.
2023-11-09 16:27:32.8026 INFO Plus button clicked.
2023-11-09 16:27:32.8026 INFO Clicked Number button successfully.
2023-11-09 16:27:33.3938 INFO Clicked Number button successfully.
2023-11-09 16:27:33.9711 INFO Clicked number button successfully.
2023-11-09 16:27:34.1894 INFO Clicked number button successfully.
2023-11-09 16:27:34.4377 INFO Equal button clicked.
2023-11-09 16:27:34.4388 INFO Clicked Number button successfully.
2023-11-09 16:27:34.7500 INFO Application 'calcualtor' launched successfully.
2023-11-09 16:27:34.7789 INFO Double-clicked Option element successfully.
2023-11-09 16:27:35.8735 INFO Clicked Mode button successfully.
2023-11-09 16:27:36.1313 INFO Clicked number button successfully.
2023-11-09 16:27:36.6036 INFO Clicked number button successfully.
2023-11-09 16:27:36.8544 INFO Clicked Number button successfully.
2023-11-09 16:27:37.1321 INFO Clicked number button successfully.
2023-11-09 16:27:37.3525 INFO Clicked number button successfully.
2023-11-09 16:27:37.9765 INFO Clicked number button successfully.
2023-11-09 16:27:38.5556 INFO Equal button clicked.
2023-11-09 16:27:38.5556 INFO Clicked Number button successfully.
2023-11-09 16:27:38.8516 INFO Plus button clicked.
2023-11-09 16:27:38.8516 INFO Clicked Number button successfully.
2023-11-09 16:27:39.4273 INFO Clicked number button successfully.
2023-11-09 16:27:39.6455 INFO Clicked number button successfully.
2023-11-09 16:27:39.8839 INFO Square button clicked.
2023-11-09 16:27:39.8839 INFO Clicked Number button successfully.
